2012-07-30 21:53:24 Error: 47
2012-07-30 21:53:24 Error: 38
2012-07-30 21:53:24 Error: [PDOException] SQLSTATE[42S22]: Column not found: 1054 Unknown column 'sessionid' in 'where clause'
#0 C:\xampp\htdocs\guavus2\lib\Cake\Model\Datasource\DboSource.php(437): PDOStatement->execute(Array)
#1 C:\xampp\htdocs\guavus2\lib\Cake\Model\Datasource\DboSource.php(403): DboSource->_execute('SELECT `Activit...', Array)
#2 C:\xampp\htdocs\guavus2\lib\Cake\Model\Datasource\DboSource.php(647): DboSource->execute('SELECT `Activit...', Array, Array)
#3 C:\xampp\htdocs\guavus2\lib\Cake\Model\Datasource\DboSource.php(1058): DboSource->fetchAll('SELECT `Activit...', false)
#4 C:\xampp\htdocs\guavus2\lib\Cake\Model\Model.php(2698): DboSource->read(Object(AppModel), Array)
#5 C:\xampp\htdocs\guavus2\app\Controller\ActivityController.php(35): Model->find('first', Array)
#6 [internal function]: ActivityController->logdata('1', '47', '38')
#7 C:\xampp\htdocs\guavus2\lib\Cake\Controller\Controller.php(485): ReflectionMethod->invokeArgs(Object(ActivityController), Array)
#8 C:\xampp\htdocs\guavus2\lib\Cake\Routing\Dispatcher.php(103): Controller->invokeAction(Object(CakeRequest))
#9 C:\xampp\htdocs\guavus2\lib\Cake\Routing\Dispatcher.php(85): Dispatcher->_invoke(Object(ActivityController), Object(CakeRequest), Object(CakeResponse))
#10 C:\xampp\htdocs\guavus2\app\webroot\index.php(92): Dispatcher->dispatch(Object(CakeRequest), Object(CakeResponse))
#11 {main}
2012-07-30 21:57:25 Error: 47
2012-07-30 21:57:25 Error: 37
2012-07-30 21:58:15 Error: 47
2012-07-30 21:58:15 Error: 37
2012-07-30 21:58:15 Error: application/zip
2012-07-30 21:58:18 Error: 47
2012-07-30 21:58:18 Error: 37
2012-07-30 21:58:27 Error: 47
2012-07-30 21:58:27 Error: 37
2012-07-30 22:01:42 Error: 47
2012-07-30 22:01:42 Error: 37
2012-07-30 22:01:54 Error: 47
2012-07-30 22:01:54 Error: 37
2012-07-31 18:15:21 Error: [MissingLayoutException] Layout file "C:\xampp\htdocs\guavus2\app\View\Layouts\viewlayout.ctp" is missing.
#0 C:\xampp\htdocs\guavus2\lib\Cake\View\View.php(503): View->_getLayoutFileName('viewlayout')
#1 C:\xampp\htdocs\guavus2\lib\Cake\View\View.php(473): View->renderLayout('', 'viewlayout')
#2 C:\xampp\htdocs\guavus2\lib\Cake\Controller\Controller.php(959): View->render(NULL, NULL)
#3 C:\xampp\htdocs\guavus2\lib\Cake\Routing\Dispatcher.php(110): Controller->render()
#4 C:\xampp\htdocs\guavus2\lib\Cake\Routing\Dispatcher.php(85): Dispatcher->_invoke(Object(ActivityController), Object(CakeRequest), Object(CakeResponse))
#5 C:\xampp\htdocs\guavus2\app\webroot\index.php(92): Dispatcher->dispatch(Object(CakeRequest), Object(CakeResponse))
#6 {main}
2012-07-31 18:15:26 Error: [MissingLayoutException] Layout file "C:\xampp\htdocs\guavus2\app\View\Layouts\viewlayout.ctp" is missing.
#0 C:\xampp\htdocs\guavus2\lib\Cake\View\View.php(503): View->_getLayoutFileName('viewlayout')
#1 C:\xampp\htdocs\guavus2\lib\Cake\View\View.php(473): View->renderLayout('', 'viewlayout')
#2 C:\xampp\htdocs\guavus2\lib\Cake\Controller\Controller.php(959): View->render(NULL, NULL)
#3 C:\xampp\htdocs\guavus2\lib\Cake\Routing\Dispatcher.php(110): Controller->render()
#4 C:\xampp\htdocs\guavus2\lib\Cake\Routing\Dispatcher.php(85): Dispatcher->_invoke(Object(ActivityController), Object(CakeRequest), Object(CakeResponse))
#5 C:\xampp\htdocs\guavus2\app\webroot\index.php(92): Dispatcher->dispatch(Object(CakeRequest), Object(CakeResponse))
#6 {main}
2012-07-31 19:37:45 Error: [MissingLayoutException] Layout file "C:\xampp\htdocs\guavus2\app\View\Layouts\viewlayout.ctp" is missing.
#0 C:\xampp\htdocs\guavus2\lib\Cake\View\View.php(503): View->_getLayoutFileName('viewlayout')
#1 C:\xampp\htdocs\guavus2\lib\Cake\View\View.php(473): View->renderLayout('', 'viewlayout')
#2 C:\xampp\htdocs\guavus2\lib\Cake\Controller\Controller.php(959): View->render(NULL, NULL)
#3 C:\xampp\htdocs\guavus2\lib\Cake\Routing\Dispatcher.php(110): Controller->render()
#4 C:\xampp\htdocs\guavus2\lib\Cake\Routing\Dispatcher.php(85): Dispatcher->_invoke(Object(ActivityController), Object(CakeRequest), Object(CakeResponse))
#5 C:\xampp\htdocs\guavus2\app\webroot\index.php(92): Dispatcher->dispatch(Object(CakeRequest), Object(CakeResponse))
#6 {main}
